[    0.000000] Initializing cgroup subsys cpuset
[    0.000000] Initializing cgroup subsys cpu
[    0.000000] Initializing cgroup subsys cpuacct
[    0.000000] Linux version 4.4.0-210-generic (buildd@lgw01-amd64-009) (gcc version 5.4.0 20160609 (Ubuntu 5.4.0-6ubuntu1~16.04.12) ) #242-Ubuntu SMP Fri Apr 16 09:57:56 UTC 2021 (Ubuntu 4.4.0-210.242-generic 4.4.262)
[    0.000000] Command line: BOOT_IMAGE=/boot/vmlinuz-4.4.0-210-generic root=LABEL=cloudimg-rootfs ro console=tty1 console=ttyS0
[    0.000000] KERNEL supported cpus:
[    0.000000]   Intel GenuineIntel
[    0.000000]   AMD AuthenticAMD
[    0.000000]   Centaur CentaurHauls
[    0.000000] x86/fpu: xstate_offset[2]:  576, xstate_sizes[2]:  256
[    0.000000] x86/fpu: Supporting XSAVE feature 0x01: 'x87 floating point registers'
[    0.000000] x86/fpu: Supporting XSAVE feature 0x02: 'SSE registers'
[    0.000000] x86/fpu: Supporting XSAVE feature 0x04: 'AVX registers'
[    0.000000] x86/fpu: Enabled xstate features 0x7, context size is 832 bytes, using 'standard' format.
[    0.000000] e820: BIOS-provided physical RAM map:
[    0.000000] BIOS-e820: [mem 0x0000000000000000-0x000000000009fbff] usable
[    0.000000] BIOS-e820: [mem 0x000000000009fc00-0x000000000009ffff] reserved
[    0.000000] BIOS-e820: [mem 0x00000000000f0000-0x00000000000fffff] reserved
[    0.000000] BIOS-e820: [mem 0x0000000000100000-0x000000003ffeffff] usable
[    0.000000] BIOS-e820: [mem 0x000000003fff0000-0x000000003fffffff] ACPI data
[    0.000000] BIOS-e820: [mem 0x00000000fec00000-0x00000000fec00fff] reserved
[    0.000000] BIOS-e820: [mem 0x00000000fee00000-0x00000000fee00fff] reserved
[    0.000000] BIOS-e820: [mem 0x00000000fffc0000-0x00000000ffffffff] reserved
[    0.000000] NX (Execute Disable) protection: active
[    0.000000] SMBIOS 2.5 present.
[    0.000000] Hypervisor detected: KVM
[    0.000000] e820: last_pfn = 0x3fff0 max_arch_pfn = 0x400000000
[    0.000000] MTRR: Disabled
[    0.000000] x86/PAT: MTRRs disabled, skipping PAT initialization too.
[    0.000000] CPU MTRRs all blank - virtualized system.
[    0.000000] x86/PAT: Configuration [0-7]: WB  WT  UC- UC  WB  WT  UC- UC  
[    0.000000] found SMP MP-table at [mem 0x0009fff0-0x0009ffff] mapped at [ffff88000009fff0]
[    0.000000] Scanning 1 areas for low memory corruption
[    0.000000] RAMDISK: [mem 0x362de000-0x37166fff]
[    0.000000] ACPI: Early table checksum verification disabled
[    0.000000] ACPI: RSDP 0x00000000000E0000 000024 (v02 VBOX  )
[    0.000000] ACPI: XSDT 0x000000003FFF0030 00003C (v01 VBOX   VBOXXSDT 00000001 ASL  00000061)
[    0.000000] ACPI: FACP 0x000000003FFF00F0 0000F4 (v04 VBOX   VBOXFACP 00000001 ASL  00000061)
[    0.000000] ACPI: DSDT 0x000000003FFF0470 002325 (v02 VBOX   VBOXBIOS 00000002 INTL 20120111)
[    0.000000] ACPI: FACS 0x000000003FFF0200 000040
[    0.000000] ACPI: FACS 0x000000003FFF0200 000040
[    0.000000] ACPI: APIC 0x000000003FFF0240 00005C (v02 VBOX   VBOXAPIC 00000001 ASL  00000061)
[    0.000000] ACPI: SSDT 0x000000003FFF02A0 0001CC (v01 VBOX   VBOXCPUT 00000002 INTL 20120111)
[    0.000000] No NUMA configuration found
[    0.000000] Faking a node at [mem 0x0000000000000000-0x000000003ffeffff]
[    0.000000] NODE_DATA(0) allocated [mem 0x3ffeb000-0x3ffeffff]
[    0.000000] kvm-clock: Using msrs 4b564d01 and 4b564d00
[    0.000000] kvm-clock: cpu 0, msr 0:3ffe3001, primary cpu clock
[    0.000000] kvm-clock: using sched offset of 3479485198 cycles
[    0.000000] clocksource: kvm-clock: mask: 0xffffffffffffffff max_cycles: 0x1cd42e4dffb, max_idle_ns: 881590591483 ns
[    0.000000] Zone ranges:
[    0.000000]   DMA      [mem 0x0000000000001000-0x0000000000ffffff]
[    0.000000]   DMA32    [mem 0x0000000001000000-0x000000003ffeffff]
[    0.000000]   Normal   empty
[    0.000000]   Device   empty
[    0.000000] Movable zone start for each node
[    0.000000] Early memory node ranges
[    0.000000]   node   0: [mem 0x0000000000001000-0x000000000009efff]
[    0.000000]   node   0: [mem 0x0000000000100000-0x000000003ffeffff]
[    0.000000] Initmem setup node 0 [mem 0x0000000000001000-0x000000003ffeffff]
[    0.000000] ACPI: PM-Timer IO Port: 0x4008
[    0.000000] IOAPIC[0]: apic_id 2, version 32, address 0xfec00000, GSI 0-23
[    0.000000] ACPI: INT_SRC_OVR (bus 0 bus_irq 0 global_irq 2 dfl dfl)
[    0.000000] ACPI: INT_SRC_OVR (bus 0 bus_irq 9 global_irq 9 low level)
[    0.000000] Using ACPI (MADT) for SMP configuration information
[    0.000000] smpboot: Allowing 2 CPUs, 0 hotplug CPUs
[    0.000000] PM: Registered nosave memory: [mem 0x00000000-0x00000fff]
[    0.000000] PM: Registered nosave memory: [mem 0x0009f000-0x0009ffff]
[    0.000000] PM: Registered nosave memory: [mem 0x000a0000-0x000effff]
[    0.000000] PM: Registered nosave memory: [mem 0x000f0000-0x000fffff]
[    0.000000] e820: [mem 0x40000000-0xfebfffff] available for PCI devices
[    0.000000] Booting paravirtualized kernel on KVM
[    0.000000] clocksource: refined-jiffies: mask: 0xffffffff max_cycles: 0xffffffff, max_idle_ns: 7645519600211568 ns
[    0.000000] setup_percpu: NR_CPUS:512 nr_cpumask_bits:512 nr_cpu_ids:2 nr_node_ids:1
[    0.000000] PERCPU: Embedded 33 pages/cpu @ffff88003fc00000 s95192 r8192 d31784 u1048576
[    0.000000] Built 1 zonelists in Node order, mobility grouping on.  Total pages: 257912
[    0.000000] Policy zone: DMA32
[    0.000000] Kernel command line: BOOT_IMAGE=/boot/vmlinuz-4.4.0-210-generic root=LABEL=cloudimg-rootfs ro console=tty1 console=ttyS0
[    0.000000] PID hash table entries: 4096 (order: 3, 32768 bytes)
[    0.000000] Memory: 997796K/1048120K available (8644K kernel code, 1332K rwdata, 4044K rodata, 1492K init, 1164K bss, 50324K reserved, 0K cma-reserved)
[    0.000000] SLUB: HWalign=64, Order=0-3, MinObjects=0, CPUs=2, Nodes=1
[    0.000000] Kernel/User page tables isolation: enabled
[    0.000000] Hierarchical RCU implementation.
[    0.000000] 	Build-time adjustment of leaf fanout to 64.
[    0.000000] 	RCU restricting CPUs from NR_CPUS=512 to nr_cpu_ids=2.
[    0.000000] RCU: Adjusting geometry for rcu_fanout_leaf=64, nr_cpu_ids=2
[    0.000000] NR_IRQS:33024 nr_irqs:440 16
[    0.000000] Console: colour VGA+ 80x25
[    0.000000] console [tty1] enabled
[    0.000000] console [ttyS0] enabled
[    0.000000] tsc: Detected 2399.998 MHz processor
[    0.130624] Calibrating delay loop (skipped) preset value.. 4799.99 BogoMIPS (lpj=9599992)
[    0.132699] pid_max: default: 32768 minimum: 301
[    0.133855] ACPI: Core revision 20150930
[    0.135626] ACPI: 2 ACPI AML tables successfully acquired and loaded
[    0.137967] Security Framework initialized
[    0.139304] Yama: becoming mindful.
[    0.140420] AppArmor: AppArmor initialized
[    0.141371] Dentry cache hash table entries: 131072 (order: 8, 1048576 bytes)
[    0.143503] Inode-cache hash table entries: 65536 (order: 7, 524288 bytes)
[    0.144779] Mount-cache hash table entries: 2048 (order: 2, 16384 bytes)
[    0.146396] Mountpoint-cache hash table entries: 2048 (order: 2, 16384 bytes)
[    0.147699] Initializing cgroup subsys io
[    0.148574] Initializing cgroup subsys memory
[    0.149380] Initializing cgroup subsys devices
[    0.150351] Initializing cgroup subsys freezer
[    0.151413] Initializing cgroup subsys net_cls
[    0.152477] Initializing cgroup subsys perf_event
[    0.153769] Initializing cgroup subsys net_prio
[    0.154874] Initializing cgroup subsys hugetlb
[    0.155989] Initializing cgroup subsys pids
[    0.157841] mce: CPU supports 0 MCE banks
[    0.158696] Last level iTLB entries: 4KB 64, 2MB 8, 4MB 8
[    0.159677] Last level dTLB entries: 4KB 64, 2MB 0, 4MB 0, 1GB 4
[    0.160908] Spectre V1 : Mitigation: usercopy/swapgs barriers and __user pointer sanitization
[    0.162472] Spectre V2 : Mitigation: Full generic retpoline
[    0.163436] Spectre V2 : Spectre v2 / SpectreRSB mitigation: Filling RSB on context switch
[    0.164915] Speculative Store Bypass: Vulnerable
[    0.165897] SRBDS: Unknown: Dependent on hypervisor status
[    0.167026] MDS: Mitigation: Clear CPU buffers
[    0.170470] Freeing SMP alternatives memory: 36K
[    0.176081] ftrace: allocating 32380 entries in 127 pages
[    0.222571] smpboot: APIC(0) Converting physical 0 to logical package 0
[    0.224544] smpboot: Max logical packages: 1
[    0.225984] x2apic enabled
[    0.226736] Switched APIC routing to physical x2apic.
[    0.228433] ..TIMER: vector=0x30 apic1=0 pin1=2 apic2=-1 pin2=-1
[    0.337577] smpboot: CPU0: Intel(R) Core(TM) i9-9980HK CPU @ 2.40GHz (family: 0x6, model: 0x9e, stepping: 0xd)
[    0.340084] Performance Events: unsupported p6 CPU model 158 no PMU driver, software events only.
[    0.349180] KVM setup paravirtual spinlock
[    0.350661] x86: Booting SMP configuration:
[    0.351583] .... node  #0, CPUs:      #1
[    0.352603] kvm-clock: cpu 1, msr 0:3ffe3041, secondary cpu clock
[    0.355135] mce: CPU supports 0 MCE banks
[    0.358127] x86: Booted up 1 node, 2 CPUs
[    0.359066] smpboot: Total of 2 processors activated (9599.99 BogoMIPS)
[    0.360502] devtmpfs: initialized
[    0.362813] evm: security.selinux
[    0.363736] evm: security.SMACK64
[    0.364684] evm: security.SMACK64EXEC
[    0.365794] evm: security.SMACK64TRANSMUTE
[    0.366550] evm: security.SMACK64MMAP
[    0.367715] evm: security.ima
[    0.368525] evm: security.capability
[    0.369351] clocksource: jiffies: mask: 0xffffffff max_cycles: 0xffffffff, max_idle_ns: 7645041785100000 ns
[    0.372025] futex hash table entries: 512 (order: 3, 32768 bytes)
[    0.373258] pinctrl core: initialized pinctrl subsystem
[    0.375648] RTC time: 20:52:47, date: 06/21/21
[    0.376663] NET: Registered protocol family 16
[    0.389933] cpuidle: using governor ladder
[    0.401380] cpuidle: using governor menu
[    0.403562] PCCT header not found.
[    0.405001] ACPI: bus type PCI registered
[    0.406179] acpiphp: ACPI Hot Plug PCI Controller Driver version: 0.5
[    0.407816] PCI: Using configuration type 1 for base access
[    0.422292] ACPI: Added _OSI(Module Device)
[    0.423395] ACPI: Added _OSI(Processor Device)
[    0.424377] ACPI: Added _OSI(3.0 _SCP Extensions)
[    0.425355] ACPI: Added _OSI(Processor Aggregator Device)
[    0.427172] ACPI: Executed 1 blocks of module-level executable AML code
[    0.430332] ACPI: Interpreter enabled
[    0.431032] ACPI: (supports S0 S5)
[    0.431686] ACPI: Using IOAPIC for interrupt routing
[    0.432948] PCI: Using host bridge windows from ACPI; if necessary, use "pci=nocrs" and report a bug
[    0.439191] ACPI: PCI Root Bridge [PCI0] (domain 0000 [bus 00-ff])
[    0.440665] acpi PNP0A03:00: _OSC: OS supports [ASPM ClockPM Segments MSI]
[    0.442109] acpi PNP0A03:00: _OSC: not requesting OS control; OS requires [ExtendedConfig ASPM ClockPM MSI]
[    0.443846] acpi PNP0A03:00: fail to add MMCONFIG information, can't access extended PCI configuration space under this bridge.
[    0.446463] PCI host bridge to bus 0000:00
[    0.447220] pci_bus 0000:00: root bus resource [io  0x0000-0x0cf7 window]
[    0.448360] pci_bus 0000:00: root bus resource [io  0x0d00-0xffff window]
[    0.450011] pci_bus 0000:00: root bus resource [mem 0x000a0000-0x000bffff window]
[    0.451990] pci_bus 0000:00: root bus resource [mem 0x40000000-0xfdffffff window]
[    0.453681] pci_bus 0000:00: root bus resource [bus 00-ff]
[    0.456971] pci 0000:00:01.1: legacy IDE quirk: reg 0x10: [io  0x01f0-0x01f7]
[    0.458179] pci 0000:00:01.1: legacy IDE quirk: reg 0x14: [io  0x03f6]
[    0.459680] pci 0000:00:01.1: legacy IDE quirk: reg 0x18: [io  0x0170-0x0177]
[    0.468126] pci 0000:00:01.1: legacy IDE quirk: reg 0x1c: [io  0x0376]
[    0.478656] pci 0000:00:07.0: quirk: [io  0x4000-0x403f] claimed by PIIX4 ACPI
[    0.480009] pci 0000:00:07.0: quirk: [io  0x4100-0x410f] claimed by PIIX4 SMB
[    0.484435] ACPI: PCI Interrupt Link [LNKA] (IRQs 5 9 10 *11)
[    0.486253] ACPI: PCI Interrupt Link [LNKB] (IRQs 5 9 *10 11)
[    0.488162] ACPI: PCI Interrupt Link [LNKC] (IRQs 5 *9 10 11)
[    0.489587] ACPI: PCI Interrupt Link [LNKD] (IRQs 5 9 10 *11)
[    0.491691] ACPI: Enabled 2 GPEs in block 00 to 07
[    0.492793] vgaarb: setting as boot device: PCI:0000:00:02.0
[    0.493845] vgaarb: device added: PCI:0000:00:02.0,decodes=io+mem,owns=io+mem,locks=none
[    0.495376] vgaarb: loaded
[    0.495936] vgaarb: bridge control possible 0000:00:02.0
[    0.497004] SCSI subsystem initialized
[    0.497880] ACPI: bus type USB registered
[    0.499017] usbcore: registered new interface driver usbfs
[    0.499983] usbcore: registered new interface driver hub
[    0.501672] usbcore: registered new device driver usb
[    0.504524] PCI: Using ACPI for IRQ routing
[    0.505730] NetLabel: Initializing
[    0.506848] NetLabel:  domain hash size = 128
[    0.507658] NetLabel:  protocols = UNLABELED CIPSOv4
[    0.508586] NetLabel:  unlabeled traffic allowed by default
[    0.509863] amd_nb: Cannot enumerate AMD northbridges
[    0.511627] clocksource: Switched to clocksource kvm-clock
[    0.517712] AppArmor: AppArmor Filesystem Enabled
[    0.518728] pnp: PnP ACPI init
[    0.520241] pnp: PnP ACPI: found 3 devices
[    0.528884] clocksource: acpi_pm: mask: 0xffffff max_cycles: 0xffffff, max_idle_ns: 2085701024 ns
[    0.530849] NET: Registered protocol family 2
[    0.531730] TCP established hash table entries: 8192 (order: 4, 65536 bytes)
[    0.533368] TCP bind hash table entries: 8192 (order: 5, 131072 bytes)
[    0.534891] TCP: Hash tables configured (established 8192 bind 8192)
[    0.536227] UDP hash table entries: 512 (order: 2, 16384 bytes)
[    0.537237] UDP-Lite hash table entries: 512 (order: 2, 16384 bytes)
[    0.538850] NET: Registered protocol family 1
[    0.539646] pci 0000:00:00.0: Limiting direct PCI/PCI transfers
[    0.540961] pci 0000:00:01.0: Activating ISA DMA hang workarounds
[    0.542117] Unpacking initramfs...
[    0.713455] Freeing initrd memory: 14884K
[    0.714524] clocksource: tsc: mask: 0xffffffffffffffff max_cycles: 0x229835b7123, max_idle_ns: 440795242976 ns
[    0.716669] platform rtc_cmos: registered platform RTC device (no PNP device found)
[    0.719086] Scanning for low memory corruption every 60 seconds
[    0.721740] audit: initializing netlink subsys (disabled)
[    0.722932] audit: type=2000 audit(1624308772.852:1): initialized
[    0.724393] Initialise system trusted keyring
[    0.725329] HugeTLB registered 2 MB page size, pre-allocated 0 pages
[    0.727395] zbud: loaded
[    0.728250] VFS: Disk quotas dquot_6.6.0
[    0.729071] VFS: Dquot-cache hash table entries: 512 (order 0, 4096 bytes)
[    0.730433] squashfs: version 4.0 (2009/01/31) Phillip Lougher
[    0.731591] fuse init (API version 7.23)
[    0.732579] Key type big_key registered
[    0.733332] Allocating IMA MOK and blacklist keyrings.
[    0.735636] Key type asymmetric registered
[    0.736415] Asymmetric key parser 'x509' registered
[    0.737555] Block layer SCSI generic (bsg) driver version 0.4 loaded (major 249)
[    0.739089] io scheduler noop registered
[    0.740469] io scheduler deadline registered (default)
[    0.741392] io scheduler cfq registered
[    0.742171] pci_hotplug: PCI Hot Plug PCI Core version: 0.5
[    0.743210] pciehp: PCI Express Hot Plug Controller Driver version: 0.4
[    0.744720] ACPI: AC Adapter [AC] (on-line)
[    0.745542] input: Power Button as /devices/LNXSYSTM:00/LNXPWRBN:00/input/input0
[    0.746907] ACPI: Power Button [PWRF]
[    0.747678] input: Sleep Button as /devices/LNXSYSTM:00/LNXSLPBN:00/input/input1
[    0.749270] ACPI: Sleep Button [SLPF]
[    0.750741] GHES: HEST is not enabled!
[    0.752113] ACPI: Battery Slot [BAT0] (battery present)
[    0.754069] Serial: 8250/16550 driver, 32 ports, IRQ sharing enabled
[    0.776156] 00:02: ttyS0 at I/O 0x3f8 (irq = 4, base_baud = 115200) is a 16550A
[    0.779735] Linux agpgart interface v0.103
[    0.781509] loop: module loaded
[    0.782871] scsi host0: ata_piix
[    0.783749] scsi host1: ata_piix
[    0.784762] ata1: PATA max UDMA/33 cmd 0x1f0 ctl 0x3f6 bmdma 0xd000 irq 14
[    0.786171] ata2: PATA max UDMA/33 cmd 0x170 ctl 0x376 bmdma 0xd008 irq 15
[    0.788410] libphy: Fixed MDIO Bus: probed
[    0.789254] tun: Universal TUN/TAP device driver, 1.6
[    0.790169] tun: (C) 1999-2004 Max Krasnyansky <maxk@qualcomm.com>
[    0.791797] PPP generic driver version 2.4.2
[    0.793017] ehci_hcd: USB 2.0 'Enhanced' Host Controller (EHCI) Driver
[    0.794142] ehci-pci: EHCI PCI platform driver
[    0.794963] ehci-platform: EHCI generic platform driver
[    0.795943] ohci_hcd: USB 1.1 'Open' Host Controller (OHCI) Driver
[    0.797014] ohci-pci: OHCI PCI platform driver
[    0.797833] ohci-platform: OHCI generic platform driver
[    0.798768] uhci_hcd: USB Universal Host Controller Interface driver
[    0.799977] i8042: PNP: PS/2 Controller [PNP0303:PS2K,PNP0f03:PS2M] at 0x60,0x64 irq 1,12
[    0.802620] serio: i8042 KBD port at 0x60,0x64 irq 1
[    0.803532] serio: i8042 AUX port at 0x60,0x64 irq 12
[    0.804991] mousedev: PS/2 mouse device common for all mice
[    0.806404] input: AT Translated Set 2 keyboard as /devices/platform/i8042/serio0/input/input2
[    0.808984] rtc_cmos rtc_cmos: rtc core: registered rtc_cmos as rtc0
[    0.810101] rtc_cmos rtc_cmos: alarms up to one day, 114 bytes nvram
[    0.811295] i2c /dev entries driver
[    0.812142] device-mapper: uevent: version 1.0.3
[    0.813056] device-mapper: ioctl: 4.34.0-ioctl (2015-10-28) initialised: dm-devel@redhat.com
[    0.814627] ledtrig-cpu: registered to indicate activity on CPUs
[    0.816277] NET: Registered protocol family 10
[    0.817429] NET: Registered protocol family 17
[    0.818417] Key type dns_resolver registered
[    0.819818] registered taskstats version 1
[    0.820751] Loading compiled-in X.509 certificates
[    0.822731] Loaded X.509 cert 'Build time autogenerated kernel key: cf00e047681d67edb2720680708b7d9498083038'
[    0.825290] zswap: loaded using pool lzo/zbud
[    0.827551] Key type trusted registered
[    0.830344] Key type encrypted registered
[    0.831114] AppArmor: AppArmor sha1 policy hashing enabled
[    0.832425] ima: No TPM chip found, activating TPM-bypass!
[    0.833376] ima: Allocated hash algorithm: sha1
[    0.834246] evm: HMAC attrs: 0x1
[    0.835541]   Magic number: 9:41:903
[    0.836579] acpi PNP0501:03: hash matches
[    0.837745] rtc_cmos rtc_cmos: setting system clock to 2021-06-21 20:52:48 UTC (1624308768)
[    0.860498] BIOS EDD facility v0.16 2004-Jun-25, 0 devices found
[    0.862001] EDD information not available.
[    0.968539] Freeing unused kernel memory: 1492K
[    0.970125] Write protecting the kernel read-only data: 14336k
[    0.972145] Freeing unused kernel memory: 1584K
[    0.973055] Freeing unused kernel memory: 52K
Loading, please wait...
starting version 229
[    0.982138] random: systemd-udevd: uninitialized urandom read (16 bytes read, 3 bits of entropy available)
[    0.984477] random: systemd-udevd: uninitialized urandom read (16 bytes read, 3 bits of entropy available)
[    0.987081] random: systemd-udevd: uninitialized urandom read (16 bytes read, 3 bits of entropy available)
[    0.988401] random: udevadm: uninitialized urandom read (16 bytes read, 3 bits of entropy available)
[    0.988416] random: udevadm: uninitialized urandom read (16 bytes read, 3 bits of entropy available)
[    0.993328] random: systemd-udevd: uninitialized urandom read (16 bytes read, 3 bits of entropy available)
[    0.994178] random: udevadm: uninitialized urandom read (16 bytes read, 3 bits of entropy available)
[    0.994207] random: udevadm: uninitialized urandom read (16 bytes read, 3 bits of entropy available)
[    0.994297] random: udevadm: uninitialized urandom read (16 bytes read, 3 bits of entropy available)
[    0.994330] random: udevadm: uninitialized urandom read (16 bytes read, 3 bits of entropy available)
[    1.024019] e1000: Intel(R) PRO/1000 Network Driver - version 7.3.21-k8-NAPI
[    1.025753] e1000: Copyright (c) 1999-2006 Intel Corporation.
[    1.026850] Fusion MPT base driver 3.04.20
[    1.027687] Copyright (c) 1999-2008 LSI Corporation
[    1.033181] Fusion MPT SPI Host driver 3.04.20
[    1.042712] AVX2 version of gcm_enc/dec engaged.
[    1.043847] AES CTR mode by8 optimization enabled
[    1.236148] input: ImExPS/2 Generic Explorer Mouse as /devices/platform/i8042/serio1/input/input4
[    1.401988] e1000 0000:00:03.0 eth0: (PCI:33MHz:32-bit) 02:ed:98:3c:8e:82
[    1.403961] e1000 0000:00:03.0 eth0: Intel(R) PRO/1000 Network Connection
[    1.406439] mptbase: ioc0: Initiating bringup
[    1.408207] e1000 0000:00:03.0 enp0s3: renamed from eth0
[    1.468217] ioc0: LSI53C1030 A0: Capabilities={Initiator}
[    1.630882] scsi host2: ioc0: LSI53C1030 A0, FwRev=00000000h, Ports=1, MaxQ=256, IRQ=20
[    1.745023] scsi 2:0:0:0: Direct-Access     VBOX     HARDDISK         1.0  PQ: 0 ANSI: 5
[    1.747676] scsi target2:0:0: Beginning Domain Validation
[    1.749762] scsi target2:0:0: Domain Validation skipping write tests
[    1.751509] scsi target2:0:0: Ending Domain Validation
[    1.753268] scsi target2:0:0: asynchronous
[    1.755016] scsi 2:0:1:0: Direct-Access     VBOX     HARDDISK         1.0  PQ: 0 ANSI: 5
[    1.757258] scsi target2:0:1: Beginning Domain Validation
[    1.759561] scsi target2:0:1: Domain Validation skipping write tests
[    1.769596] scsi target2:0:1: Ending Domain Validation
[    1.771155] scsi target2:0:1: asynchronous
[    1.775905] sd 2:0:0:0: [sda] 83886080 512-byte logical blocks: (42.9 GB/40.0 GiB)
[    1.777689] sd 2:0:0:0: Attached scsi generic sg0 type 0
[    1.779023] sd 2:0:0:0: [sda] Write Protect is off
[    1.780172] sd 2:0:1:0: Attached scsi generic sg1 type 0
[    1.781390] sd 2:0:1:0: [sdb] 20480 512-byte logical blocks: (10.5 MB/10.0 MiB)
[    1.781446] sd 2:0:0:0: [sda] Incomplete mode parameter data
[    1.781447] sd 2:0:0:0: [sda] Assuming drive cache: write through
[    1.785149]  sda: sda1
[    1.785636] sd 2:0:0:0: [sda] Attached SCSI disk
[    1.788318] sd 2:0:1:0: [sdb] Write Protect is off
[    1.789501] sd 2:0:1:0: [sdb] Incomplete mode parameter data
[    1.790748] sd 2:0:1:0: [sdb] Assuming drive cache: write through
[    1.793606] sd 2:0:1:0: [sdb] Attached SCSI disk
Begin: Loading essential drivers ... [    3.033691] md: linear personality registered for level -1
[    3.036952] md: multipath personality registered for level -4
[    3.040580] md: raid0 personality registered for level 0
[    3.044507] md: raid1 personality registered for level 1
[    3.115711] raid6: sse2x1   gen() 11068 MB/s
[    3.187570] raid6: sse2x1   xor()  8922 MB/s
[    3.256949] raid6: sse2x2   gen() 17489 MB/s
[    3.323877] raid6: sse2x2   xor() 11338 MB/s
[    3.391698] raid6: sse2x4   gen() 19041 MB/s
[    3.459848] raid6: sse2x4   xor() 11446 MB/s
[    3.532097] raid6: avx2x1   gen() 25435 MB/s
[    3.601245] raid6: avx2x2   gen() 32466 MB/s
[    3.667711] raid6: avx2x4   gen() 35363 MB/s
[    3.669057] raid6: using algorithm avx2x4 gen() 35363 MB/s
[    3.670790] raid6: using avx2x2 recovery algorithm
[    3.673382] xor: automatically using best checksumming function:
[    3.711719]    avx       : 28434.000 MB/sec
[    3.713723] async_tx: api initialized (async)
[    3.720739] md: raid6 personality registered for level 6
[    3.722053] md: raid5 personality registered for level 5
[    3.723755] md: raid4 personality registered for level 4
[    3.729484] md: raid10 personality registered for level 10
done.
Begin: Running /scripts/init-premount ... done.
Begin: Mounting root file system ... Begin: Running /scripts/local-top ... done.
Begin: Running /scripts/local-premount ... [    3.752198] Btrfs loaded
Scanning for Btrfs filesystems
done.
Warning: fsck not present, so skipping root file system
[    3.775180] EXT4-fs (sda1): mounted filesystem with ordered data mode. Opts: (null)
done.
Begin: Running /scripts/local-bottom ... done.
Begin: Running /scripts/init-bottom ... done.
[    3.853118] systemd[1]: systemd 229 running in system mode. (+PAM +AUDIT +SELINUX +IMA +APPARMOR +SMACK +SYSVINIT +UTMP +LIBCRYPTSETUP +GCRYPT +GNUTLS +ACL +XZ -LZ4 +SECCOMP +BLKID +ELFUTILS +KMOD -IDN)
[    3.856879] systemd[1]: Detected virtualization oracle.
[    3.858188] systemd[1]: Detected architecture x86-64.

Welcome to [1mUbuntu 16.04.7 LTS[0m!

[    3.862390] systemd[1]: Set hostname to <ubuntu>.
[    3.865108] systemd[1]: Initializing machine ID from random generator.
[    3.866346] systemd[1]: Installed transient /etc/machine-id file.
[    3.972308] systemd[1]: Listening on udev Kernel Socket.
[[0;32m  OK  [0m] Listening on udev Kernel Socket.
[    3.974488] systemd[1]: Listening on udev Control Socket.
[[0;32m  OK  [0m] Listening on udev Control Socket.
[    3.976547] systemd[1]: Listening on Journal Audit Socket.
[[0;32m  OK  [0m] Listening on Journal Audit Socket.
[    3.978434] systemd[1]: Listening on LVM2 metadata daemon socket.
[[0;32m  OK  [0m] Listening on LVM2 metadata daemon socket.
[    3.988044] systemd[1]: Listening on LVM2 poll daemon socket.
[[0;32m  OK  [0m] Listening on LVM2 poll daemon socket.
[    3.990659] systemd[1]: Started Forward Password Requests to Wall Directory Watch.
[[0;32m  OK  [0m] Started Forward Password Requests to Wall Directory Watch.
[    3.993518] systemd[1]: Listening on Device-mapper event daemon FIFOs.
[[0;32m  OK  [0m] Listening on Device-mapper event daemon FIFOs.
[    3.996340] systemd[1]: Reached target System Time Synchronized.
[[0;32m  OK  [0m] Reached target System Time Synchronized.
[    3.998427] systemd[1]: Listening on Journal Socket (/dev/log).
[[0;32m  OK  [0m] Listening on Journal Socket (/dev/log).
[    4.000296] systemd[1]: Listening on Syslog Socket.
[[0;32m  OK  [0m] Listening on Syslog Socket.
[    4.007916] systemd[1]: Started Trigger resolvconf update for networkd DNS.
[[0;32m  OK  [0m] Started Trigger resolvconf update for networkd DNS.
[    4.010539] systemd[1]: Reached target Encrypted Volumes.
[[0;32m  OK  [0m] Reached target Encrypted Volumes.
[    4.012920] systemd[1]: Created slice System Slice.
[[0;32m  OK  [0m] Created slice System Slice.
[    4.014841] systemd[1]: Created slice system-serial\x2dgetty.slice.
[[0;32m  OK  [0m] Created slice system-serial\x2dgetty.slice.
[    4.016915] systemd[1]: Listening on fsck to fsckd communication Socket.
[[0;32m  OK  [0m] Listening on fsck to fsckd communication Socket.
[    4.024330] systemd[1]: Listening on Journal Socket.
[[0;32m  OK  [0m] Listening on Journal Socket.
[    4.035842] systemd[1]: Starting Uncomplicated firewall...
         Starting Uncomplicated firewall...
[    4.038945] systemd[1]: Mounting Huge Pages File System...
         Mounting Huge Pages File System...
[    4.042744] systemd[1]: Starting Load Kernel Modules...
         Starting Load Kernel Modules...
[    4.045483] systemd[1]: Starting Nameserver information manager...
         Starting Nameserver information manager...
[    4.048889] systemd[1]: Starting File System Check on Root Device...
         Starting File System Check on Root Device...
[    4.051473] systemd[1]: Mounting POSIX Message Queue File System...
         Mounting POSIX Message Queue File System...
[    4.055361] systemd[1]: Starting Create list of required static device nodes for the current kernel...
[    4.057941] Loading iSCSI transport class v2.0-870.
         Starting Create list of required st... nodes for the current kernel...
[    4.062391] systemd[1]: Starting Monitoring of LVM2 mirrors, snapshots etc. using dmeventd or progress polling...
         Starting Monitoring of LVM2 mirrors... dmeventd or progress polling...
[    4.068095] systemd[1]: Starting Journal Service...
         Starting Journal Service...
[    4.071441] systemd[1]: Reached target User and Group Name Lookups.
[[0;32m  OK  [0m] Reached target User and Group Name Lookups.
[    4.074898] systemd[1]: Mounting Debug File System...
         Mounting Debug File System...
[    4.078751] systemd[1]: Created slice User and Session Slice.
[[0;32m  OK  [0m] Created slice User and Session Slice.
[    4.081237] systemd[1]: Reached target Slices.
[[0;32m  OK  [0m] Reached target Slices.
[    4.084156] systemd[1]: Reached target Swap.
[[0;32m  OK  [0m] Reached target Swap.
[    4.086556] systemd[1]: Listening on /dev/initctl Compatibility Named Pipe.
[[0;32m  OK  [0m] Listening on /dev/initctl Compatibility Named Pipe.
[    4.091041] iscsi: registered transport (tcp)
[    4.092209] systemd[1]: Set up automount Arbitrary Executable File Formats File System Automount Point.
[[0;32m  OK  [0m] Set up automount Arbitrary Executab...ats File System Automount Point.
[    4.108005] systemd[1]: Starting Set console keymap...
         Starting Set console keymap...
[    4.111140] iscsi: registered transport (iser)
[    4.111234] systemd[1]: Mounted POSIX Message Queue File System.
[[0;32m  OK  [0m] Mounted POSIX Message Queue File System.
[    4.114350] systemd[1]: Mounted Debug File System.
[[0;32m  OK  [0m] Mounted Debug File System.
[    4.124005] systemd[1]: Mounted Huge Pages File System.
[[0;32m  OK  [0m] Mounted Huge Pages File System.
[    4.135862] systemd[1]: Started Journal Service.
[[0;32m  OK  [0m] Started Journal Service.
[[0;32m  OK  [0m] Started Uncomplicated firewall.
[[0;32m  OK  [0m] Started Load Kernel Modules.
[[0;32m  OK  [0m] Started File System Check on Root Device.
[[0;32m  OK  [0m] Started Create list of required sta...ce nodes for the current kernel.
[[0;32m  OK  [0m] Started Set console keymap.
[[0;32m  OK  [0m] Started Nameserver information manager.
[[0;32m  OK  [0m] Started File System Check Daemon to report status.
[[0;32m  OK  [0m] Started LVM2 metadata daemon.
         Starting Create Static Device Nodes in /dev...
         Starting Remount Root and Kernel File Systems...
         Starting Apply Kernel Variables...
         [    4.172984] EXT4-fs (sda1): re-mounted. Opts: (null)
Mounting FUSE Control File System...
[[0;32m  OK  [0m] Mounted FUSE Control File System.
[[0;32m  OK  [0m] Started Remount Root and Kernel File Systems.
[[0;32m  OK  [0m] Started Apply Kernel Variables.
         Starting Load/Save Random Seed...
         Starting udev Coldplug all Devices...
         Starting Flush Journal to Persistent Storage...
[[0;32m  OK  [0m] Started Load/Save Random Seed.
[[0;32m  OK  [0m] Started Create Static Device Nodes in /dev.
         Starting udev Kernel Device Manager...
[[0;32m  OK  [0m] Started Flush Journal to Persistent Storage.
[[0;32m  OK  [0m] Started udev Coldplug all Devices.
[[0;32m  OK  [0m] Started udev Kernel Device Manager.
[[0;32m  OK  [0m] Started Dispatch Password Requests to Console Directory Watch.
[[0;32m  OK  [0m] Found device /dev/ttyS0.
[[0;32m  OK  [0m] Listening on Load/Save RF Kill Switch Status /dev/rfkill Watch.
[[0;32m  OK  [0m] Started Monitoring of LVM2 mirrors,...ng dmeventd or progress polling.
[[0;32m  OK  [0m] Reached target Local File Systems (Pre).
[[0;32m  OK  [0m] Reached target Local File Systems.
         Starting Commit a transient machine-id on disk...
         Starting Set console font and keymap...
         Starting Create Volatile Files and Directories...
         Starting Tell Plymouth To Write Out Runtime Data...
         Starting LSB: AppArmor initialization...
         Starting Initial cloud-init job (pre-networking)...
[[0;32m  OK  [0m] Started Commit a transient machine-id on disk.
[[0;32m  OK  [0m] Started Create Volatile Files and Directories.
[[0;32m  OK  [0m] Started Tell Plymouth To Write Out Runtime Data.
         Starting Update UTMP about System Boot/Shutdown...
[[0;32m  OK  [0m] Started Update UTMP about System Boot/Shutdown.
[[0;32m  OK  [0m] Started Set console font and keymap.
[[0;32m  OK  [0m] Created slice system-getty.slice.
[[0;32m  OK  [0m] Started LSB: AppArmor initialization.
         Starting Load AppArmor profiles managed internally by snapd...
[[0;32m  OK  [0m] Started Load AppArmor profiles managed internally by snapd.
[    5.279915] cloud-init[643]: Cloud-init v. 21.1-19-gbad84ad4-0ubuntu1~16.04.2 running 'init-local' at Mon, 21 Jun 2021 20:52:52 +0000. Up 5.04 seconds.
[[0;32m  OK  [0m] Started Initial cloud-init job (pre-networking).
[[0;32m  OK  [0m] Reached target Network (Pre).
         Starting Raise network interfaces...
[[0;32m  OK  [0m] Started Raise network interfaces.
         Starting Initial cloud-init job (metadata service crawler)...
[[0;32m  OK  [0m] Reached target Network.
[    6.033179] cloud-init[944]: Cloud-init v. 21.1-19-gbad84ad4-0ubuntu1~16.04.2 running 'init' at Mon, 21 Jun 2021 20:52:53 +0000. Up 5.64 seconds.
[    6.034945] cloud-init[944]: ci-info: ++++++++++++++++++++++++++++++++++++++Net device info++++++++++++++++++++++++++++++++++++++
[    6.044326] cloud-init[944]: ci-info: +--------+------+----------------------------+---------------+--------+-------------------+
[    6.052345] cloud-init[944]: ci-info: | Device |  Up  |          Address           |      Mask     | Scope  |     Hw-Address    |
[    6.060620] cloud-init[944]: ci-info: +--------+------+----------------------------+---------------+--------+-------------------+
[    6.062727] cloud-init[944]: ci-info: | enp0s3 | True |         10.0.2.15          | 255.255.255.0 | global | 02:ed:98:3c:8e:82 |
[    6.065042] cloud-init[944]: ci-info: | enp0s3 | True | fe80::ed:98ff:fe3c:8e82/64 |       .       |  link  | 02:ed:98:3c:8e:82 |
[    6.068357] cloud-init[944]: ci-info: |   lo   | True |         127.0.0.1          |   255.0.0.0   |  host  |         .         |
[    6.070618] cloud-init[944]: ci-info: |   lo   | True |          ::1/128           |       .       |  host  |         .         |
[    6.072586] cloud-init[944]: ci-info: +--------+------+----------------------------+---------------+--------+-------------------+
[    6.076381] cloud-init[944]: ci-info: +++++++++++++++++++++++++++Route IPv4 info++++++++++++++++++++++++++++
[    6.078138] [[0;32m  OK  [0m] Started Initial cloud-init job (metadata service crawler).
[[0;32m  OK  [0m] Reached target Network is Online.
cloud-init[944]: ci-info: +-------+-------------+----------+---------------+-----------+-------+
[    6.081029] cloud-init[944]: ci-info: | Route | Destination | Gateway  |    Genmask    | Interface | Flags |
[    6.082827] cloud-init[944]: ci-info: +-------+-------------+----------+---------------+-----------+-------+
[    6.084628] cloud-init[944]: ci-info: |   0   |   0.0.0.0   | 10.0.2.2 |    0.0.0.0    |   enp0s3  |   UG  |
[    6.086212] cloud-init[944]: ci-info: |   1   |   10.0.2.0  | 0.0.0.0  | 255.255.255.0 |   enp0s3  |   U   |
         Starting iSCSI initiator daemon (iscsid)...
[[0;32m  OK  [0m] Reached target System Initialization.
[    6.089366] cloud-init[944]: ci-info: +-------+-------------+----------+---------------+-----------+-------+
[    6.097557] [[0;32m  OK  [0m] Started ACPI Events Check.
[[0;32m  OK  [0m] Reached target Paths.
[[0;32m  OK  [0m] Listening on UUID daemon activation socket.
[[0;32m  OK  [0m] Started Message of the Day.
cloud-init[944]: ci-info: +++++++++++++++++++Route IPv6 info+++++++++++++++++++
[    6.101640]          Starting LXD - unix socket.
[[0;32m  OK  [0m] Listening on ACPID Listen Socket.
[[0;32m  OK  [0m] Started Daily apt download activities.
[[0;32m  OK  [0m] Listening on D-Bus System Message Bus Socket.
         Starting Socket activation for snappy daemon.
[[0;32m  OK  [0m] Started Daily apt upgrade and clean activities.
[[0;32m  OK  [0m] Started Daily Cleanup of Temporary Directories.
[[0;32m  OK  [0m] Reached target Timers.
[[0;32m  OK  [0m] Reached target Cloud-config availability.
[[0;32m  OK  [0m] Listening on Socket activation for snappy daemon.
[[0;32m  OK  [0m] Listening on LXD - unix socket.
[[0;32m  OK  [0m] Reached target Sockets.
[[0;32m  OK  [0m] Reached target Basic System.
cloud-init[944]: ci-info: +-------+-------------+---------+-----------+-------+
[    6.112859] cloud-init[944]: ci-info: | Route | Destination | Gateway | Interface | Flags |
[    6.113460] cloud-init[944]: ci-info: +-------+-------------+---------+-----------+-------+
[    6.114091] cloud-init[944]: ci-info: |   0   |  fe80::/64  |    ::   |   enp0s3  |   U   |
[    6.114699] cloud-init[944]: ci-info: |   3   |   ff00::/8  |    ::   |   enp0s3  |   U   |
[    6.114938] cloud-init[944]: ci-info: +-------+-------------+---------+-----------+-------+
         Starting LSB: Record successful boot for GRUB...
[    6.116117] cloud-init[944]: [[0;32m  OK  [0m] Started Regular background program processing daemon.
         Starting /etc/rc.local Compatibility...
         Starting LXD - container startup/shutdown...
         Starting Virtualbox guest utils...
Generating public/private rsa key pair.
[[0;32m  OK  [0m] Started ACPI event daemon.
[    6.126811] cloud-init[944]: Your identification has been saved in /etc/ssh/ssh_host_rsa_key.
[    6.130722] cloud-init[944]:          Starting Login Service...
[[0;32m  OK  [0m] Started FUSE filesystem for LXC.
         Starting Accounts Service...
[[0;32m  OK  [0m] Started D-Bus System Message Bus.
Your public key has been saved in /etc/ssh/ssh_host_rsa_key.pub.
[    6.137453] cloud-init[944]: The key fingerprint is:
[    6.141731] cloud-init[944]: SHA256:I4rxVgE6is73WWmXr4s2hhXiz5krutoJWfDQW18u2Vo root@ubuntu-xenial
[    6.149136] cloud-init[944]: The key's randomart image is:
[    6.151533] cloud-init[944]: +---[RSA 2048]----+
[    6.153495] cloud-init[944]: |    .            |
[    6.156025] cloud-init[944]: |  .. .           |
[    6.158826] cloud-init[944]: | oo. ..  .       |
[    6.160792] cloud-init[944]: |..+.o..o=        |
[    6.162502] cloud-init[944]: |o .+. ++SE       |
[    6.163836] cloud-init[944]: |o o+ + o=..      |
[    6.165849] cloud-init[944]: | =..+ ==oo       |
[    6.167398] cloud-init[944]: |  +.oo+Oo .      |
[    6.169604] cloud-init[944]: | ..=oo+oooo.     |
[    6.170845] cloud-init[944]: +----[SHA256]-----+
[    6.173217] cloud-init[944]: Generating public/private dsa key pair.
[    6.175324] cloud-init[944]: Your identification has been saved in /etc/ssh/ssh_host_dsa_key.
[    6.177483] cloud-init[944]: Your public key has been saved in /etc/ssh/ssh_host_dsa_key.pub.
[    6.180287] cloud-init[944]: The key fingerprint is:
[    6.182639] cloud-init[944]: SHA256:6blr8z7cYfdp5PA9VK93IFVPD54zcLGn6MdhzjZeHMQ root@ubuntu-xenial
[    6.185193] cloud-init[944]: The key's randomart image is:
[    6.186757] cloud-init[944]: +---[DSA 1024]----+
[    6.188139] cloud-init[944]: |              .. |
[    6.189293] cloud-init[944]: |            . +.o|
[    6.190806] cloud-init[944]: |             +.E+|
[    6.192219] cloud-init[944]: |         .   .Bo+|
[    6.193352] cloud-init[944]: |        S   ..++o|
[    6.194658] cloud-init[944]: |       . . .+*o=o|
[    6.196055] cloud-init[944]: |        o. o.+&+=|
[    6.197413] cloud-init[944]: |        o.o .+.O=|
[    6.198597] cloud-init[944]: |       .o=o.  o.o|
         Starting Pollinate to seed the pseudo random number generator...
         Starting LSB: MD monitoring daemon...
[[0;32m  OK  [0m] Started Deferred execution scheduler.
         Starting System Logging Service...
         Starting Snap Daemon...
[[0;32m  OK  [0m] Started iSCSI initiator daemon (iscsid).
[[0;32m  OK  [0m] Started /etc/rc.local Compatibility.
[    6.199865] cloud-init[944]: +----[SHA256]-----+
[    6.214896] [[0;32m  OK  [0m] Started Login Service.
[[0;32m  OK  [0m] Started Unattended Upgrades Shutdown.
         Starting Authenticate and Authorize Users to Run Privileged Tasks...
         Starting Login to default iSCSI targets...
cloud-init[944]: Generating public/private ecdsa key pair.
[    6.244577] cloud-init[944]: Your identification has been saved in /etc/ssh/ssh_host_ecdsa_key.
[    6.246503] cloud-init[944]: Your public key has been saved in /etc/ssh/ssh_host_ecdsa_key.pub.
[    6.249018] cloud-init[944]: The key fingerprint is:
[    6.250287] cloud-init[944]: SHA256:aPqWiH/yeNjGtmew+vbbGrb3lCLRv0UeE2w8S5duGzE root@ubuntu-xenial
[[0;32m  OK  [0m] Started Login to default iSCSI targets.
[[0;32m  OK  [0m] Started LSB: Record successful boot for GRUB.
[[0;32m  OK  [0m] Started LSB: MD monitoring daemon.
[[0;32m  OK  [0m] Started System Logging Service.
[    6.291075] [[0;32m  OK  [0m] Started Authenticate and Authorize Users to Run Privileged Tasks.
[[0;32m  OK  [0m] Started Accounts Service.
[[0;32m  OK  [0m] Reached target Remote File Systems (Pre).
[[0;32m  OK  [0m] Reached target Remote File Systems.
cloud-init[944]: The key's randomart image is:
[    6.297196] cloud-init[944]: +---[ECDSA 256]---+
[    6.299575] cloud-init[944]: |                 |
[    6.300829] cloud-init[944]: |             o  .|
[    6.302406] cloud-init[944]: |              BE.|
[    6.303547] cloud-init         Starting LSB: Set the CPU Frequency Scaling governor to "ondemand"...
         Starting Permit User Sessions...
         Starting LSB: daemon to balance interrupts for SMP systems...
         Starting LSB: automatic crash report generation...
[[0;32m  OK  [0m] Started Permit User Sessions.
         Starting Hold until boot process finishes up...
         Starting Terminate Plymouth Boot Screen...
[944]: [[0;32m  OK  [0m] Started Hold until boot process finishes up.
[[0;32m  OK  [0m] Started Serial Getty on ttyS0.
[[0;32m  OK  [0m] Started Getty on tty1.
[[0;32m  OK  [0m] Reached target Login Prompts.
         Starting Set console scheme...
|       . .   o.=o|[
[0;32m  OK  [0m] Started Set console scheme.
[    6.325343] cloud-init[944]: |      o S .   =+ |
[[0;32m  OK  [0m] Started Terminate Plymouth Boot Screen.
[[0;32m  OK  [0m] Started LXD - container startup/shutdown.
[    6.340394] cloud-init[944]: |     o.  . . +.oo|
[[0;32m  OK  [0m] Started LSB: Set the CPU Frequency Scaling governor to "ondemand".
[[0;32m  OK  [0m] Started LSB: automatic crash report generation.
[    6.349974] cloud-init[944]: |   ..= ++ . + o. |
[    6.355245] cloud-init[944]: |  . +o%.o=.o o   |
[    6.356484] cloud-init[944]: |   .+%===+..o    |
[    6.357729] cloud-init[944]: +----[SHA256]-----+
[[0;32m  OK  [0m] Started LSB: daemon to balance interrupts for SMP systems.
[    6.359394] cloud-init[944]: Generating public/private ed25519 key pair.
[    6.363621] cloud-init[944]: Your identification has been saved in /etc/ssh/ssh_host_ed25519_key.
[    6.365303] cloud-init[944]: Your public key has been saved in /etc/ssh/ssh_host_ed25519_key.pub.
[    6.369238] cloud-init[944]: The key fingerprint is:
[    6.370834] cloud-init[944]: SHA256:eAhn44KkJ0I2CfOr727tL8ypai6BKjgxZJ6hCV6eSPY root@ubuntu-xenial
[    6.372604] cloud-init[944]: The key's randomart image is:
[    6.373801] cloud-init[944]: +--[ED25519 256]--+
[    6.374979] cloud-init[944]: |o                |
[    6.376491] cloud-init[944]: |.o.              |
[    6.378113] cloud-init[944]: | =o . +          |
[    6.381688] cloud-init[944]: |+O.+ = +         |
[    6.383234] cloud-init[944]: |#.@ o + S        |
[    6.384667] cloud-init[944]: |OO E . .         |
[    6.385879] cloud-init[944]: |++ + .           |
[    6.387461] cloud-init[944]: |*o. *            |
[    6.390384] cloud-init[944]: |*B=o.o.          |
[    6.391545] cloud-init[944]: +----[SHA256]-----+
[[0;32m  OK  [0m] Started Virtualbox guest utils.
[[0;32m  OK  [0m] Started Pollinate to seed the pseudo random number generator.
         Starting OpenBSD Secure Shell server...
[[0;32m  OK  [0m] Started OpenBSD Secure Shell server.
[[0;32m  OK  [0m] Started Snap Daemon.
         Starting Wait until snapd is fully seeded...
[[0;32m  OK  [0m] Started Wait until snapd is fully seeded.
[[0;32m  OK  [0m] Reached target Multi-User System.
[[0;32m  OK  [0m] Reached target Graphical Interface.
         Starting Update UTMP about System Runlevel Changes...
         Starting Apply the settings specified in cloud-config...
[[0;32m  OK  [0m] Started Update UTMP about System Runlevel Changes.
[    7.838000] cloud-init[1302]: Generating locales (this might take a while)...
[    8.372455] cloud-init[1302]:   en_US.UTF-8... done
[    8.374687] cloud-init[1302]: Generation complete.
[    8.601474] cloud-init[1302]: Cloud-init v. 21.1-19-gbad84ad4-0ubuntu1~16.04.2 running 'modules:config' at Mon, 21 Jun 2021 20:52:55 +0000. Up 7.76 seconds.
[[0;32m  OK  [0m] Started Apply the settings specified in cloud-config.
         Starting Execute cloud user/final scripts...
ci-info: no authorized SSH keys fingerprints found for user ubuntu.
<14>Jun 21 20:52:56 ec2: 
<14>Jun 21 20:52:56 ec2: #############################################################
<14>Jun 21 20:52:56 ec2: -----BEGIN SSH HOST KEY FINGERPRINTS-----
<14>Jun 21 20:52:56 ec2: 1024 SHA256:6blr8z7cYfdp5PA9VK93IFVPD54zcLGn6MdhzjZeHMQ root@ubuntu-xenial (DSA)
<14>Jun 21 20:52:56 ec2: 256 SHA256:aPqWiH/yeNjGtmew+vbbGrb3lCLRv0UeE2w8S5duGzE root@ubuntu-xenial (ECDSA)
<14>Jun 21 20:52:56 ec2: 256 SHA256:eAhn44KkJ0I2CfOr727tL8ypai6BKjgxZJ6hCV6eSPY root@ubuntu-xenial (ED25519)
<14>Jun 21 20:52:56 ec2: 2048 SHA256:I4rxVgE6is73WWmXr4s2hhXiz5krutoJWfDQW18u2Vo root@ubuntu-xenial (RSA)
<14>Jun 21 20:52:56 ec2: -----END SSH HOST KEY FINGERPRINTS-----
<14>Jun 21 20:52:56 ec2: #############################################################
-----BEGIN SSH HOST KEY KEYS-----
ecdsa-sha2-nistp256 AAAAE2VjZHNhLXNoYTItbmlzdHAyNTYAAAAIbmlzdHAyNTYAAABBBLYQRkOo5KPVVM7M0ZKXxOjVyZ3tJciTQT05hxc1aLdrBEdAQ+ESjsEjsmUQbweQd5uTuDS2eJjPMfUkr0tnWoI= root@ubuntu-xenial
ssh-ed25519 AAAAC3NzaC1lZDI1NTE5AAAAIDYO39Mu2TEcU9gM+I5RtdKO7Atatcsv8DMrUvVnMgo0 root@ubuntu-xenial
ssh-rsa AAAAB3NzaC1yc2EAAAADAQABAAABAQDH2tXrISrnZV+S669msRqnJuAsMpfx4x1t1yscdaU5WKEnThfX/x7etx1igCcn08YwHpnRYhSpf2wMiQAm3Jz9G3BUQKppsX/ViQDapc1Wcc5N00rKMIPa+yNxpXGmqXNyessoO++sJAtx97UCKi4Fdrw+I9yxuodusnNoRJIhJKOhDArhjneWmtUuwoLmX0h2LSAsjg95uXQz82H+H/qnc3agpxjS5hzagIptc6PJb0uXkOLMa8DkU5MATnaNxILLLi8T1mU0X15vZrhslgeUWVnrt4Y7bOdKXjB7WGg5l74eHKu462bInuPvDxiboPHh5AdSTT/I0kr4zYICH455 root@ubuntu-xenial
-----END SSH HOST KEY KEYS-----
[    8.938181] cloud-init[1344]: Cloud-init v. 21.1-19-gbad84ad4-0ubuntu1~16.04.2 running 'modules:final' at Mon, 21 Jun 2021 20:52:56 +0000. Up 8.82 seconds.
[    8.939785] cloud-init[1344]: ci-info: no authorized SSH keys fingerprints found for user ubuntu.
[    8.940933] cloud-init[1344]: Cloud-init v. 21.1-19-gbad84ad4-0ubuntu1~16.04.2 finished at Mon, 21 Jun 2021 20:52:56 +0000. Datasource DataSourceNoCloud [seed=/dev/sdb][dsmode=net].  Up 8.93 seconds
[[0;32m  OK  [0m] Started Execute cloud user/final scripts.
[[0;32m  OK  [0m] Reached target Cloud-init target.

Ubuntu 16.04.7 LTS ubuntu-xenial ttyS0

ubuntu-xenial login: 